2026-01-18 21:09:42.300 [INFO] Logger initialized: usbtool.log
2026-01-18 21:09:42.302 [INFO] GUI app started
2026-01-18 21:09:42.312 [INFO] Detecting USB devices...
2026-01-18 21:13:35.529 [INFO] Logger initialized: usbtool.log
2026-01-18 21:13:35.531 [INFO] GUI app started
2026-01-18 21:13:35.541 [INFO] Detecting USB devices...
2026-01-18 21:14:15.593 [INFO] Detecting USB devices...
2026-01-18 21:14:15.892 [INFO] Detecting USB devices...
2026-01-18 21:14:15.902 [INFO] Detecting USB devices...
2026-01-18 21:14:15.961 [INFO] Detecting USB devices...
2026-01-18 21:14:15.963 [INFO] Detecting USB devices...
2026-01-18 21:14:15.965 [INFO] Detecting USB devices...
2026-01-18 21:14:15.967 [INFO] Detecting USB devices...
2026-01-18 21:14:15.969 [INFO] Detecting USB devices...
2026-01-18 21:14:16.337 [INFO] Detecting USB devices...
2026-01-18 21:14:16.355 [INFO] Detecting USB devices...
2026-01-18 21:16:41.670 [INFO] Logger initialized: usbtool.log
2026-01-18 21:16:41.672 [INFO] GUI app started
2026-01-18 21:16:41.681 [INFO] Detecting USB devices...
2026-01-18 21:17:04.712 [INFO] Detecting USB devices...
2026-01-18 21:17:04.715 [INFO] Detecting USB devices...
2026-01-18 21:17:15.453 [INFO] Detecting USB devices...
2026-01-18 21:17:15.459 [INFO] Detecting USB devices...
2026-01-18 21:17:15.463 [INFO] Detecting USB devices...
2026-01-18 21:17:15.465 [INFO] Detecting USB devices...
2026-01-18 21:17:15.467 [INFO] Detecting USB devices...
2026-01-18 21:17:15.469 [INFO] Detecting USB devices...
2026-01-18 21:17:29.542 [INFO] Detecting USB devices...
2026-01-18 21:17:29.544 [INFO] Detecting USB devices...
2026-01-18 21:17:32.917 [INFO] Detecting USB devices...
2026-01-18 21:17:33.214 [INFO] Detecting USB devices...
2026-01-18 21:17:33.223 [INFO] Detecting USB devices...
2026-01-18 21:17:33.226 [INFO] Detecting USB devices...
2026-01-18 21:17:33.228 [INFO] Detecting USB devices...
2026-01-18 21:17:33.230 [INFO] Detecting USB devices...
2026-01-18 21:17:33.238 [INFO] Detecting USB devices...
2026-01-18 21:17:33.241 [INFO] Detecting USB devices...
2026-01-18 21:17:33.255 [INFO] Detecting USB devices...
2026-01-18 21:54:16.211 [INFO] Logger initialized: usbtool.log
2026-01-18 21:54:16.213 [INFO] GUI app started
2026-01-18 21:54:16.224 [INFO] Detecting USB devices...
2026-01-18 21:55:53.989 [INFO] Logger initialized: usbtool.log
2026-01-18 21:55:53.991 [INFO] GUI app started
2026-01-18 21:55:54.002 [INFO] Detecting USB devices...
2026-01-18 21:56:34.522 [INFO] Logger initialized: usbtool.log
2026-01-18 21:56:34.524 [INFO] GUI app started
2026-01-18 21:56:34.534 [INFO] Detecting USB devices...
2026-01-18 21:57:11.796 [INFO] Logger initialized: usbtool.log
2026-01-18 21:57:11.799 [INFO] GUI app started
2026-01-18 21:57:11.809 [INFO] Detecting USB devices...
2026-01-18 21:57:38.313 [INFO] Logger initialized: usbtool.log
2026-01-18 21:57:38.315 [INFO] GUI app started
2026-01-18 21:57:38.326 [INFO] Detecting USB devices...
2026-01-18 21:57:57.705 [INFO] GUI: Speed test requested for drive E
2026-01-18 21:57:57.710 [INFO] USB speed test starting on E:\ size=256MB file=E:\usb_speed_test.bin
2026-01-18 21:58:06.800 [INFO] Write test done: 28.177140 MB/s
2026-01-18 21:58:06.830 [INFO] Read test done: 9208.997478 MB/s
2026-01-18 21:58:06.839 [INFO] Removed test file: E:\usb_speed_test.bin
2026-01-18 21:58:06.840 [INFO] GUI speed test OK
2026-01-18 21:58:17.787 [INFO] GUI: Speed test requested for drive E
2026-01-18 21:58:17.790 [INFO] USB speed test starting on E:\ size=256MB file=E:\usb_speed_test.bin
2026-01-18 21:58:28.103 [INFO] Write test done: 24.833817 MB/s
2026-01-18 21:58:28.132 [INFO] Read test done: 9343.952346 MB/s
2026-01-18 21:58:28.139 [INFO] Removed test file: E:\usb_speed_test.bin
2026-01-18 21:58:28.140 [INFO] GUI speed test OK
2026-01-18 21:58:48.248 [INFO] Detecting USB devices...
2026-01-18 21:58:48.250 [INFO] Detecting USB devices...
2026-01-18 22:02:59.151 [INFO] Logger initialized: usbtool.log
2026-01-18 22:02:59.153 [INFO] GUI app started
2026-01-18 22:02:59.164 [INFO] Detecting USB devices...
2026-01-18 22:03:01.828 [INFO] GUI: Speed test requested for drive E
2026-01-18 22:03:01.833 [INFO] USB speed test starting on E:\ size=1024MB file=E:\usb_speed_test.bin
2026-01-18 22:03:25.896 [INFO] Write test done: 42.563070 MB/s
2026-01-18 22:03:26.006 [INFO] Read test done: 9477.760583 MB/s
2026-01-18 22:03:26.015 [INFO] Removed test file: E:\usb_speed_test.bin
2026-01-18 22:03:26.016 [INFO] GUI speed test OK
2026-01-18 22:04:04.517 [INFO] GUI: Speed test requested for drive E
2026-01-18 22:04:04.519 [INFO] USB speed test starting on E:\ size=1024MB file=E:\usb_speed_test.bin
2026-01-18 22:04:29.629 [INFO] Write test done: 40.786059 MB/s
2026-01-18 22:04:29.739 [INFO] Read test done: 9535.995590 MB/s
2026-01-18 22:04:29.747 [INFO] Removed test file: E:\usb_speed_test.bin
2026-01-18 22:04:29.749 [INFO] GUI speed test OK
2026-01-18 22:10:46.436 [INFO] Logger initialized: usbtool.log
2026-01-18 22:10:46.438 [INFO] GUI app started
2026-01-18 22:10:46.449 [INFO] Detecting USB devices...
2026-01-18 22:10:48.947 [INFO] GUI: Speed test requested for drive E
2026-01-18 22:10:48.951 [INFO] USB speed test starting on E:\ size=1024MB file=E:\usb_speed_test.bin
2026-01-18 22:11:13.426 [INFO] Write test done: 41.846887 MB/s
2026-01-18 22:11:15.039 [INFO] Read test done: 9338.166564 MB/s
2026-01-18 22:11:15.049 [INFO] Removed test file: E:\usb_speed_test.bin
2026-01-18 22:11:15.050 [INFO] GUI speed test OK
2026-01-18 22:11:24.236 [INFO] GUI: Speed test requested for drive E
2026-01-18 22:11:24.238 [INFO] USB speed test starting on E:\ size=1024MB file=E:\usb_speed_test.bin
2026-01-18 22:11:49.258 [INFO] Write test done: 40.934736 MB/s
2026-01-18 22:11:50.897 [INFO] Read test done: 8301.338591 MB/s
2026-01-18 22:11:50.905 [INFO] Removed test file: E:\usb_speed_test.bin
2026-01-18 22:11:50.906 [INFO] GUI speed test OK
2026-01-18 22:15:15.093 [INFO] Logger initialized: usbtool.log
2026-01-18 22:15:15.096 [INFO] GUI app started
2026-01-18 22:15:15.106 [INFO] Detecting USB devices...
2026-01-18 22:15:17.937 [INFO] GUI: Speed test requested for drive E
2026-01-18 22:15:17.943 [INFO] USB speed test (uncached) starting on E:\ size=1024MB (rounded bytes=1073741824)
2026-01-18 22:15:41.753 [INFO] Write done: 43.014494 MB/s
2026-01-18 22:15:49.889 [INFO] Read done: 126.766638 MB/s
2026-01-18 22:15:49.899 [INFO] GUI speed test OK
2026-01-18 22:19:08.300 [INFO] Logger initialized: usbtool.log
2026-01-18 22:19:08.303 [INFO] GUI app started
2026-01-18 22:19:08.313 [INFO] Detecting USB devices...
2026-01-18 22:20:16.027 [INFO] Detecting USB devices...
2026-01-18 22:20:16.029 [INFO] Detecting USB devices...
2026-01-18 22:20:25.824 [INFO] Detecting USB devices...
2026-01-18 22:20:47.918 [INFO] GUI: Speed test requested for drive E
2026-01-18 22:20:47.924 [INFO] USB speed test (uncached) starting on E:\ size=1024MB (rounded bytes=1073741824)
2026-01-18 22:21:12.304 [INFO] Write done: 42.009491 MB/s
2026-01-18 22:21:20.464 [INFO] Read done: 126.660436 MB/s
2026-01-18 22:21:20.475 [INFO] GUI speed test OK
